[2025-07-05 15:17:30,406](INFO): Creating directory: .github/workflows for file: .gitkeep
[2025-07-05 15:17:30,407](INFO): Creating file: .github/workflows/.gitkeep
[2025-07-05 15:17:30,408](INFO): Creating directory: src/cnnClassifier for file: __init__.py
[2025-07-05 15:17:30,409](INFO): Creating file: src/cnnClassifier/__init__.py
[2025-07-05 15:17:30,409](INFO): Creating directory: src/cnnClassifier/components for file: __init__.py
[2025-07-05 15:17:30,410](INFO): Creating file: src/cnnClassifier/components/__init__.py
[2025-07-05 15:17:30,411](INFO): Creating directory: src/cnnClassifier/config for file: __init__.py
[2025-07-05 15:17:30,411](INFO): Creating file: src/cnnClassifier/config/__init__.py
[2025-07-05 15:17:30,412](INFO): Creating directory: src/cnnClassifier/config for file: configuration.py
[2025-07-05 15:17:30,413](INFO): Creating file: src/cnnClassifier/config/configuration.py
[2025-07-05 15:17:30,414](INFO): Creating directory: src/cnnClassifier/utils for file: __init__.py
[2025-07-05 15:17:30,414](INFO): Creating file: src/cnnClassifier/utils/__init__.py
[2025-07-05 15:17:30,415](INFO): Creating directory: src/cnnClassifier/pipeline for file: __init__.py
[2025-07-05 15:17:30,416](INFO): Creating file: src/cnnClassifier/pipeline/__init__.py
[2025-07-05 15:17:30,417](INFO): Creating directory: src/cnnClassifier/entity for file: __init__.py
[2025-07-05 15:17:30,417](INFO): Creating file: src/cnnClassifier/entity/__init__.py
[2025-07-05 15:17:30,418](INFO): Creating directory: src/cnnClassifier/constants for file: __init__.py
[2025-07-05 15:17:30,419](INFO): Creating file: src/cnnClassifier/constants/__init__.py
[2025-07-05 15:17:30,420](INFO): Creating directory: config for file: config.yaml
[2025-07-05 15:17:30,420](INFO): Creating file: config/config.yaml
[2025-07-05 15:17:30,421](INFO): Creating file: dvc.yaml
[2025-07-05 15:17:30,422](INFO): Creating file: params.yaml
[2025-07-05 15:17:30,423](INFO): Creating file: requirements.txt
[2025-07-05 15:17:30,425](INFO): Creating file: setup.py
[2025-07-05 15:17:30,427](INFO): Creating file: app.py
[2025-07-05 15:17:30,428](INFO): Creating directory: research for file: trial.ipynb
[2025-07-05 15:17:30,429](INFO): Creating file: research/trial.ipynb
[2025-07-05 15:17:30,430](INFO): Creating directory: templates for file: index.html
[2025-07-05 15:17:30,430](INFO): Creating file: templates/index.html
[2025-07-05 15:17:30,432](INFO): Creating file: .env
